# JRE version: OpenJDK Runtime Environment (17.0.11) (build 17.0.11+0--11852314)
# Java VM: OpenJDK 64-Bit Server VM (17.0.11+0--11852314, mixed mode, tiered, compressed oops, compressed class ptrs, g1 gc, windows-amd64)
GC Precious Log:
 CPUs: 16 total, 16 available
 Memory: 32542M
 Large Page Support: Disabled
 NUMA Support: Disabled
 Compressed Oops: Enabled (32-bit)
 Heap Region Size: 1M
 Heap Min Capacity: 8M
 Heap Initial Capacity: 510M
 Heap Max Capacity: 2G
 Pre-touch: Disabled
 Parallel Workers: 13
 Concurrent Workers: 3
 Concurrent Refinement Workers: 13
 Periodic GC: Disabled
Heap:
 garbage-first heap   total 328704K, used 124993K [0x0000000080000000, 0x0000000100000000)
  region size 1024K, 46 young (47104K), 9 survivors (9216K)
 Metaspace       used 61766K, committed 62400K, reserved 1114112K
  class space    used 8174K, committed 8448K, reserved 1048576K
GC Heap History (20 events):
Event: 11.385 GC heap before
{Heap before GC invocations=39 (full 0):
 garbage-first heap   total 227328K, used 191129K [0x0000000080000000, 0x0000000100000000)
  region size 1024K, 121 young (123904K), 10 survivors (10240K)
 Metaspace       used 58266K, committed 58816K, reserved 1114112K
  class space    used 7818K, committed 8064K, reserved 1048576K
}
Event: 11.390 GC heap after
{Heap after GC invocations=40 (full 0):
 garbage-first heap   total 227328K, used 78701K [0x0000000080000000, 0x0000000100000000)
  region size 1024K, 10 young (10240K), 10 survivors (10240K)
 Metaspace       used 58266K, committed 58816K, reserved 1114112K
  class space    used 7818K, committed 8064K, reserved 1048576K
}
Event: 11.562 GC heap before
{Heap before GC invocations=40 (full 0):
 garbage-first heap   total 227328K, used 190317K [0x0000000080000000, 0x0000000100000000)
  region size 1024K, 119 young (121856K), 10 survivors (10240K)
 Metaspace       used 58300K, committed 58816K, reserved 1114112K
  class space    used 7825K, committed 8064K, reserved 1048576K
}
Event: 11.567 GC heap after
{Heap after GC invocations=41 (full 0):
 garbage-first heap   total 273408K, used 80180K [0x0000000080000000, 0x0000000100000000)
  region size 1024K, 10 young (10240K), 10 survivors (10240K)
 Metaspace       used 58300K, committed 58816K, reserved 1114112K
  class space    used 7825K, committed 8064K, reserved 1048576K
}
Event: 11.872 GC heap before
{Heap before GC invocations=41 (full 0):
 garbage-first heap   total 273408K, used 232756K [0x0000000080000000, 0x0000000100000000)
  region size 1024K, 159 young (162816K), 10 survivors (10240K)
 Metaspace       used 58300K, committed 58816K, reserved 1114112K
  class space    used 7825K, committed 8064K, reserved 1048576K
}
Event: 11.877 GC heap after
{Heap after GC invocations=42 (full 0):
 garbage-first heap   total 273408K, used 81840K [0x0000000080000000, 0x0000000100000000)
  region size 1024K, 11 young (11264K), 11 survivors (11264K)
 Metaspace       used 58300K, committed 58816K, reserved 1114112K
  class space    used 7825K, committed 8064K, reserved 1048576K
}
Event: 12.099 GC heap before
{Heap before GC invocations=42 (full 0):
 garbage-first heap   total 273408K, used 232368K [0x0000000080000000, 0x0000000100000000)
  region size 1024K, 158 young (161792K), 11 survivors (11264K)
 Metaspace       used 58301K, committed 58816K, reserved 1114112K
  class space    used 7825K, committed 8064K, reserved 1048576K
}
Event: 12.105 GC heap after
{Heap after GC invocations=43 (full 0):
 garbage-first heap   total 273408K, used 82725K [0x0000000080000000, 0x0000000100000000)
  region size 1024K, 12 young (12288K), 12 survivors (12288K)
 Metaspace       used 58301K, committed 58816K, reserved 1114112K
  class space    used 7825K, committed 8064K, reserved 1048576K
}
Event: 12.345 GC heap before
{Heap before GC invocations=43 (full 0):
 garbage-first heap   total 273408K, used 231205K [0x0000000080000000, 0x0000000100000000)
  region size 1024K, 157 young (160768K), 12 survivors (12288K)
 Metaspace       used 58302K, committed 58816K, reserved 1114112K
  class space    used 7825K, committed 8064K, reserved 1048576K
}
Event: 12.351 GC heap after
{Heap after GC invocations=44 (full 0):
 garbage-first heap   total 273408K, used 84226K [0x0000000080000000, 0x0000000100000000)
  region size 1024K, 12 young (12288K), 12 survivors (12288K)
 Metaspace       used 58302K, committed 58816K, reserved 1114112K
  class space    used 7825K, committed 8064K, reserved 1048576K
}
Event: 12.554 GC heap before
{Heap before GC invocations=44 (full 0):
 garbage-first heap   total 273408K, used 231682K [0x0000000080000000, 0x0000000100000000)
  region size 1024K, 156 young (159744K), 12 survivors (12288K)
 Metaspace       used 58307K, committed 58816K, reserved 1114112K
  class space    used 7825K, committed 8064K, reserved 1048576K
}
Event: 12.559 GC heap after
{Heap after GC invocations=45 (full 0):
 garbage-first heap   total 273408K, used 80771K [0x0000000080000000, 0x0000000100000000)
  region size 1024K, 12 young (12288K), 12 survivors (12288K)
 Metaspace       used 58307K, committed 58816K, reserved 1114112K
  class space    used 7825K, committed 8064K, reserved 1048576K
}
Event: 13.460 GC heap before
{Heap before GC invocations=45 (full 0):
 garbage-first heap   total 273408K, used 236419K [0x0000000080000000, 0x0000000100000000)
  region size 1024K, 159 young (162816K), 12 survivors (12288K)
 Metaspace       used 58334K, committed 58880K, reserved 1114112K
  class space    used 7825K, committed 8064K, reserved 1048576K
}
Event: 13.464 GC heap after
{Heap after GC invocations=46 (full 0):
 garbage-first heap   total 328704K, used 79583K [0x0000000080000000, 0x0000000100000000)
  region size 1024K, 5 young (5120K), 5 survivors (5120K)
 Metaspace       used 58334K, committed 58880K, reserved 1114112K
  class space    used 7825K, committed 8064K, reserved 1048576K
}
Event: 13.801 GC heap before
{Heap before GC invocations=46 (full 0):
 garbage-first heap   total 328704K, used 271071K [0x0000000080000000, 0x0000000100000000)
  region size 1024K, 192 young (196608K), 5 survivors (5120K)
 Metaspace       used 58334K, committed 58880K, reserved 1114112K
  class space    used 7825K, committed 8064K, reserved 1048576K
}
Event: 13.804 GC heap after
{Heap after GC invocations=47 (full 0):
 garbage-first heap   total 328704K, used 82978K [0x0000000080000000, 0x0000000100000000)
  region size 1024K, 9 young (9216K), 9 survivors (9216K)
 Metaspace       used 58334K, committed 58880K, reserved 1114112K
  class space    used 7825K, committed 8064K, reserved 1048576K
}
Event: 14.386 GC heap before
{Heap before GC invocations=47 (full 0):
 garbage-first heap   total 328704K, used 281634K [0x0000000080000000, 0x0000000100000000)
  region size 1024K, 192 young (196608K), 9 survivors (9216K)
 Metaspace       used 60940K, committed 61440K, reserved 1114112K
  class space    used 8053K, committed 8256K, reserved 1048576K
}
Event: 14.389 GC heap after
{Heap after GC invocations=48 (full 0):
 garbage-first heap   total 328704K, used 86236K [0x0000000080000000, 0x0000000100000000)
  region size 1024K, 7 young (7168K), 7 survivors (7168K)
 Metaspace       used 60940K, committed 61440K, reserved 1114112K
  class space    used 8053K, committed 8256K, reserved 1048576K
}
Event: 14.959 GC heap before
{Heap before GC invocations=48 (full 0):
 garbage-first heap   total 328704K, used 275676K [0x0000000080000000, 0x0000000100000000)
  region size 1024K, 192 young (196608K), 7 survivors (7168K)
 Metaspace       used 61758K, committed 62336K, reserved 1114112K
  class space    used 8174K, committed 8448K, reserved 1048576K
}
Event: 14.963 GC heap after
{Heap after GC invocations=49 (full 0):
 garbage-first heap   total 328704K, used 87579K [0x0000000080000000, 0x0000000100000000)
  region size 1024K, 8 young (8192K), 8 survivors (8192K)
 Metaspace       used 61758K, committed 62336K, reserved 1114112K
  class space    used 8174K, committed 8448K, reserved 1048576K
}

